This is pdfTeX, Version 3.1415926-2.5-1.40.14 (TeX Live 2013) (format=pdflatex 2015.9.10)  27 MAR 2016 20:28
entering extended mode
 restricted \write18 enabled.
 %&-line parsing enabled.
**skeleton.tex
(./skeleton.tex
LaTeX2e <2011/06/27>
Babel <v3.8m> and hyphenation patterns for english, dumylang, nohyphenation, lo
aded.
(./base.tex (./styles/infthesis.cls

LaTeX Warning: You have requested document class `styles/infthesis',
               but the document class provides `infthesis'.

Document Class: infthesis 2011/02/02 v3.5 School of Informatics Thesis Class
(/usr/share/texlive/texmf-dist/tex/latex/geometry/geometry.sty
Package: geometry 2010/09/12 v5.6 Page Geometry

(/usr/share/texlive/texmf-dist/tex/latex/graphics/keyval.sty
Package: keyval 1999/03/16 v1.13 key=value parser (DPC)
\KV@toks@=\toks14
)
(/usr/share/texlive/texmf-dist/tex/generic/oberdiek/ifpdf.sty
Package: ifpdf 2011/01/30 v2.3 Provides the ifpdf switch (HO)
Package ifpdf Info: pdfTeX in PDF mode is detected.
)
(/usr/share/texlive/texmf-dist/tex/generic/oberdiek/ifvtex.sty
Package: ifvtex 2010/03/01 v1.5 Detect VTeX and its facilities (HO)
Package ifvtex Info: VTeX not detected.
)
(/usr/share/texlive/texmf-dist/tex/generic/ifxetex/ifxetex.sty
Package: ifxetex 2010/09/12 v0.6 Provides ifxetex conditional
)
\Gm@cnth=\count79
\Gm@cntv=\count80
\c@Gm@tempcnt=\count81
\Gm@bindingoffset=\dimen102
\Gm@wd@mp=\dimen103
\Gm@odd@mp=\dimen104
\Gm@even@mp=\dimen105
\Gm@layoutwidth=\dimen106
\Gm@layoutheight=\dimen107
\Gm@layouthoffset=\dimen108
\Gm@layoutvoffset=\dimen109
\Gm@dimlist=\toks15
)
(/usr/share/texlive/texmf-dist/tex/latex/base/ifthen.sty
Package: ifthen 2001/05/26 v1.1c Standard LaTeX ifthen package (DPC)
)
(/usr/share/texlive/texmf-dist/tex/latex/graphics/graphics.sty
Package: graphics 2009/02/05 v1.0o Standard LaTeX Graphics (DPC,SPQR)

(/usr/share/texlive/texmf-dist/tex/latex/graphics/trig.sty
Package: trig 1999/03/16 v1.09 sin cos tan (DPC)
)
(/usr/share/texlive/texmf-dist/tex/latex/latexconfig/graphics.cfg
File: graphics.cfg 2010/04/23 v1.9 graphics configuration of TeX Live
)
Package graphics Info: Driver file: pdftex.def on input line 91.

(/usr/share/texlive/texmf-dist/tex/latex/pdftex-def/pdftex.def
File: pdftex.def 2011/05/27 v0.06d Graphics/color for pdfTeX

(/usr/share/texlive/texmf-dist/tex/generic/oberdiek/infwarerr.sty
Package: infwarerr 2010/04/08 v1.3 Providing info/warning/error messages (HO)
)
(/usr/share/texlive/texmf-dist/tex/generic/oberdiek/ltxcmds.sty
Package: ltxcmds 2011/11/09 v1.22 LaTeX kernel commands for general use (HO)
)
\Gread@gobject=\count82
))
(/usr/share/texlive/texmf-dist/tex/latex/tools/xspace.sty
Package: xspace 2009/10/20 v1.13 Space after command names (DPC,MH)
)
(./styles/logos/eushield.sty

LaTeX Warning: You have requested package `styles/logos/eushield',
               but the package provides `eushield'.

Package: eushield 2006/08/28\ v1.1\ Commands for including the EU shield graphi
c
) (/usr/share/texlive/texmf-dist/tex/latex/base/report.cls
Document Class: report 2007/10/19 v1.4h Standard LaTeX document class
(/usr/share/texlive/texmf-dist/tex/latex/base/size12.clo
File: size12.clo 2007/10/19 v1.4h Standard LaTeX file (size option)
)
\c@part=\count83
\c@chapter=\count84
\c@section=\count85
\c@subsection=\count86
\c@subsubsection=\count87
\c@paragraph=\count88
\c@subparagraph=\count89
\c@figure=\count90
\c@table=\count91
\abovecaptionskip=\skip41
\belowcaptionskip=\skip42
\bibindent=\dimen110
)
(/usr/share/texlive/texmf-dist/tex/latex/sectsty/sectsty.sty
Package: sectsty 2002/02/25 v2.0.2 Commands to change all sectional heading sty
les
)
(/usr/share/texlive/texmf-dist/tex/latex/caption/caption.sty
Package: caption 2013/02/03 v3.3-65 Customizing captions (AR)

(/usr/share/texlive/texmf-dist/tex/latex/caption/caption3.sty
Package: caption3 2013/02/03 v1.5-62 caption3 kernel (AR)
\captionmargin=\dimen111
\captionmargin@=\dimen112
\captionwidth=\dimen113
\caption@tempdima=\dimen114
\caption@indent=\dimen115
\caption@parindent=\dimen116
\caption@hangindent=\dimen117
)
\c@ContinuedFloat=\count92
))
(/usr/share/texlive/texmf-dist/tex/latex/parskip/parskip.sty
Package: parskip 2001/04/09 non-zero parskip adjustments
)
(/usr/share/texlive/texmf-dist/tex/latex/pgf/frontendlayer/tikz.sty
(/usr/share/texlive/texmf-dist/tex/latex/pgf/basiclayer/pgf.sty
(/usr/share/texlive/texmf-dist/tex/latex/pgf/utilities/pgfrcs.sty
(/usr/share/texlive/texmf-dist/tex/generic/pgf/utilities/pgfutil-common.tex
\pgfutil@everybye=\toks16
)
(/usr/share/texlive/texmf-dist/tex/generic/pgf/utilities/pgfutil-latex.def
\pgfutil@abb=\box26

(/usr/share/texlive/texmf-dist/tex/latex/ms/everyshi.sty
Package: everyshi 2001/05/15 v3.00 EveryShipout Package (MS)
))
(/usr/share/texlive/texmf-dist/tex/generic/pgf/utilities/pgfrcs.code.tex
Package: pgfrcs 2010/10/25 v2.10 (rcs-revision 1.24)
))
Package: pgf 2008/01/15 v2.10 (rcs-revision 1.12)

(/usr/share/texlive/texmf-dist/tex/latex/pgf/basiclayer/pgfcore.sty
(/usr/share/texlive/texmf-dist/tex/latex/graphics/graphicx.sty
Package: graphicx 1999/02/16 v1.0f Enhanced LaTeX Graphics (DPC,SPQR)
\Gin@req@height=\dimen118
\Gin@req@width=\dimen119
)
(/usr/share/texlive/texmf-dist/tex/latex/pgf/systemlayer/pgfsys.sty
(/usr/share/texlive/texmf-dist/tex/generic/pgf/systemlayer/pgfsys.code.tex
Package: pgfsys 2010/06/30 v2.10 (rcs-revision 1.37)

(/usr/share/texlive/texmf-dist/tex/generic/pgf/utilities/pgfkeys.code.tex
\pgfkeys@pathtoks=\toks17
\pgfkeys@temptoks=\toks18

(/usr/share/texlive/texmf-dist/tex/generic/pgf/utilities/pgfkeysfiltered.code.t
ex
\pgfkeys@tmptoks=\toks19
))
\pgf@x=\dimen120
\pgf@y=\dimen121
\pgf@xa=\dimen122
\pgf@ya=\dimen123
\pgf@xb=\dimen124
\pgf@yb=\dimen125
\pgf@xc=\dimen126
\pgf@yc=\dimen127
\w@pgf@writea=\write3
\r@pgf@reada=\read1
\c@pgf@counta=\count93
\c@pgf@countb=\count94
\c@pgf@countc=\count95
\c@pgf@countd=\count96
 (/usr/share/texlive/texmf-dist/tex/generic/pgf/systemlayer/pgf.cfg
File: pgf.cfg 2008/05/14  (rcs-revision 1.7)
)
Package pgfsys Info: Driver file for pgf: pgfsys-pdftex.def on input line 900.

(/usr/share/texlive/texmf-dist/tex/generic/pgf/systemlayer/pgfsys-pdftex.def
File: pgfsys-pdftex.def 2009/05/22  (rcs-revision 1.26)

(/usr/share/texlive/texmf-dist/tex/generic/pgf/systemlayer/pgfsys-common-pdf.de
f
File: pgfsys-common-pdf.def 2008/05/19  (rcs-revision 1.10)
)))
(/usr/share/texlive/texmf-dist/tex/generic/pgf/systemlayer/pgfsyssoftpath.code.
tex
File: pgfsyssoftpath.code.tex 2008/07/18  (rcs-revision 1.7)
\pgfsyssoftpath@smallbuffer@items=\count97
\pgfsyssoftpath@bigbuffer@items=\count98
)
(/usr/share/texlive/texmf-dist/tex/generic/pgf/systemlayer/pgfsysprotocol.code.
tex
File: pgfsysprotocol.code.tex 2006/10/16  (rcs-revision 1.4)
)) (/usr/share/texlive/texmf-dist/tex/latex/xcolor/xcolor.sty
Package: xcolor 2007/01/21 v2.11 LaTeX color extensions (UK)

(/usr/share/texlive/texmf-dist/tex/latex/latexconfig/color.cfg
File: color.cfg 2007/01/18 v1.5 color configuration of teTeX/TeXLive
)
Package xcolor Info: Driver file: pdftex.def on input line 225.
Package xcolor Info: Model `cmy' substituted by `cmy0' on input line 1337.
Package xcolor Info: Model `hsb' substituted by `rgb' on input line 1341.
Package xcolor Info: Model `RGB' extended on input line 1353.
Package xcolor Info: Model `HTML' substituted by `rgb' on input line 1355.
Package xcolor Info: Model `Hsb' substituted by `hsb' on input line 1356.
Package xcolor Info: Model `tHsb' substituted by `hsb' on input line 1357.
Package xcolor Info: Model `HSB' substituted by `hsb' on input line 1358.
Package xcolor Info: Model `Gray' substituted by `gray' on input line 1359.
Package xcolor Info: Model `wave' substituted by `hsb' on input line 1360.
)
(/usr/share/texlive/texmf-dist/tex/generic/pgf/basiclayer/pgfcore.code.tex
Package: pgfcore 2010/04/11 v2.10 (rcs-revision 1.7)

(/usr/share/texlive/texmf-dist/tex/generic/pgf/math/pgfmath.code.tex
(/usr/share/texlive/texmf-dist/tex/generic/pgf/math/pgfmathcalc.code.tex
(/usr/share/texlive/texmf-dist/tex/generic/pgf/math/pgfmathutil.code.tex)
(/usr/share/texlive/texmf-dist/tex/generic/pgf/math/pgfmathparser.code.tex
\pgfmath@dimen=\dimen128
\pgfmath@count=\count99
\pgfmath@box=\box27
\pgfmath@toks=\toks20
\pgfmath@stack@operand=\toks21
\pgfmath@stack@operation=\toks22
)
(/usr/share/texlive/texmf-dist/tex/generic/pgf/math/pgfmathfunctions.code.tex
(/usr/share/texlive/texmf-dist/tex/generic/pgf/math/pgfmathfunctions.basic.code
.tex)
(/usr/share/texlive/texmf-dist/tex/generic/pgf/math/pgfmathfunctions.trigonomet
ric.code.tex)
(/usr/share/texlive/texmf-dist/tex/generic/pgf/math/pgfmathfunctions.random.cod
e.tex)
(/usr/share/texlive/texmf-dist/tex/generic/pgf/math/pgfmathfunctions.comparison
.code.tex)
(/usr/share/texlive/texmf-dist/tex/generic/pgf/math/pgfmathfunctions.base.code.
tex)
(/usr/share/texlive/texmf-dist/tex/generic/pgf/math/pgfmathfunctions.round.code
.tex)
(/usr/share/texlive/texmf-dist/tex/generic/pgf/math/pgfmathfunctions.misc.code.
tex)))
(/usr/share/texlive/texmf-dist/tex/generic/pgf/math/pgfmathfloat.code.tex
\c@pgfmathroundto@lastzeros=\count100
))
(/usr/share/texlive/texmf-dist/tex/generic/pgf/basiclayer/pgfcorepoints.code.te
x
File: pgfcorepoints.code.tex 2010/04/09  (rcs-revision 1.20)
\pgf@picminx=\dimen129
\pgf@picmaxx=\dimen130
\pgf@picminy=\dimen131
\pgf@picmaxy=\dimen132
\pgf@pathminx=\dimen133
\pgf@pathmaxx=\dimen134
\pgf@pathminy=\dimen135
\pgf@pathmaxy=\dimen136
\pgf@xx=\dimen137
\pgf@xy=\dimen138
\pgf@yx=\dimen139
\pgf@yy=\dimen140
\pgf@zx=\dimen141
\pgf@zy=\dimen142
)
(/usr/share/texlive/texmf-dist/tex/generic/pgf/basiclayer/pgfcorepathconstruct.
code.tex
File: pgfcorepathconstruct.code.tex 2010/08/03  (rcs-revision 1.24)
\pgf@path@lastx=\dimen143
\pgf@path@lasty=\dimen144
)
(/usr/share/texlive/texmf-dist/tex/generic/pgf/basiclayer/pgfcorepathusage.code
.tex
File: pgfcorepathusage.code.tex 2008/04/22  (rcs-revision 1.12)
\pgf@shorten@end@additional=\dimen145
\pgf@shorten@start@additional=\dimen146
)
(/usr/share/texlive/texmf-dist/tex/generic/pgf/basiclayer/pgfcorescopes.code.te
x
File: pgfcorescopes.code.tex 2010/09/08  (rcs-revision 1.34)
\pgfpic=\box28
\pgf@hbox=\box29
\pgf@layerbox@main=\box30
\pgf@picture@serial@count=\count101
)
(/usr/share/texlive/texmf-dist/tex/generic/pgf/basiclayer/pgfcoregraphicstate.c
ode.tex
File: pgfcoregraphicstate.code.tex 2008/04/22  (rcs-revision 1.9)
\pgflinewidth=\dimen147
)
(/usr/share/texlive/texmf-dist/tex/generic/pgf/basiclayer/pgfcoretransformation
s.code.tex
File: pgfcoretransformations.code.tex 2009/06/10  (rcs-revision 1.11)
\pgf@pt@x=\dimen148
\pgf@pt@y=\dimen149
\pgf@pt@temp=\dimen150
)
(/usr/share/texlive/texmf-dist/tex/generic/pgf/basiclayer/pgfcorequick.code.tex
File: pgfcorequick.code.tex 2008/10/09  (rcs-revision 1.3)
)
(/usr/share/texlive/texmf-dist/tex/generic/pgf/basiclayer/pgfcoreobjects.code.t
ex
File: pgfcoreobjects.code.tex 2006/10/11  (rcs-revision 1.2)
)
(/usr/share/texlive/texmf-dist/tex/generic/pgf/basiclayer/pgfcorepathprocessing
.code.tex
File: pgfcorepathprocessing.code.tex 2008/10/09  (rcs-revision 1.8)
)
(/usr/share/texlive/texmf-dist/tex/generic/pgf/basiclayer/pgfcorearrows.code.te
x
File: pgfcorearrows.code.tex 2008/04/23  (rcs-revision 1.11)
)
(/usr/share/texlive/texmf-dist/tex/generic/pgf/basiclayer/pgfcoreshade.code.tex
File: pgfcoreshade.code.tex 2008/11/23  (rcs-revision 1.13)
\pgf@max=\dimen151
\pgf@sys@shading@range@num=\count102
)
(/usr/share/texlive/texmf-dist/tex/generic/pgf/basiclayer/pgfcoreimage.code.tex
File: pgfcoreimage.code.tex 2010/03/25  (rcs-revision 1.16)

(/usr/share/texlive/texmf-dist/tex/generic/pgf/basiclayer/pgfcoreexternal.code.
tex
File: pgfcoreexternal.code.tex 2010/09/01  (rcs-revision 1.17)
\pgfexternal@startupbox=\box31
))
(/usr/share/texlive/texmf-dist/tex/generic/pgf/basiclayer/pgfcorelayers.code.te
x
File: pgfcorelayers.code.tex 2010/08/27  (rcs-revision 1.2)
)
(/usr/share/texlive/texmf-dist/tex/generic/pgf/basiclayer/pgfcoretransparency.c
ode.tex
File: pgfcoretransparency.code.tex 2008/01/17  (rcs-revision 1.2)
)
(/usr/share/texlive/texmf-dist/tex/generic/pgf/basiclayer/pgfcorepatterns.code.
tex
File: pgfcorepatterns.code.tex 2009/07/02  (rcs-revision 1.3)
)))
(/usr/share/texlive/texmf-dist/tex/generic/pgf/modules/pgfmoduleshapes.code.tex
File: pgfmoduleshapes.code.tex 2010/09/09  (rcs-revision 1.13)
\pgfnodeparttextbox=\box32
) (/usr/share/texlive/texmf-dist/tex/generic/pgf/modules/pgfmoduleplot.code.tex
File: pgfmoduleplot.code.tex 2010/10/22  (rcs-revision 1.8)
)
(/usr/share/texlive/texmf-dist/tex/latex/pgf/compatibility/pgfcomp-version-0-65
.sty
Package: pgfcomp-version-0-65 2007/07/03 v2.10 (rcs-revision 1.7)
\pgf@nodesepstart=\dimen152
\pgf@nodesepend=\dimen153
)
(/usr/share/texlive/texmf-dist/tex/latex/pgf/compatibility/pgfcomp-version-1-18
.sty
Package: pgfcomp-version-1-18 2007/07/23 v2.10 (rcs-revision 1.1)
)) (/usr/share/texlive/texmf-dist/tex/latex/pgf/utilities/pgffor.sty
(/usr/share/texlive/texmf-dist/tex/latex/pgf/utilities/pgfkeys.sty
(/usr/share/texlive/texmf-dist/tex/generic/pgf/utilities/pgfkeys.code.tex))
(/usr/share/texlive/texmf-dist/tex/generic/pgf/utilities/pgffor.code.tex
Package: pgffor 2010/03/23 v2.10 (rcs-revision 1.18)
\pgffor@iter=\dimen154
\pgffor@skip=\dimen155
\pgffor@stack=\toks23
\pgffor@toks=\toks24
))
(/usr/share/texlive/texmf-dist/tex/generic/pgf/frontendlayer/tikz/tikz.code.tex
Package: tikz 2010/10/13 v2.10 (rcs-revision 1.76)

(/usr/share/texlive/texmf-dist/tex/generic/pgf/libraries/pgflibraryplothandlers
.code.tex
File: pgflibraryplothandlers.code.tex 2010/05/31 v2.10 (rcs-revision 1.15)
\pgf@plot@mark@count=\count103
\pgfplotmarksize=\dimen156
)
\tikz@lastx=\dimen157
\tikz@lasty=\dimen158
\tikz@lastxsaved=\dimen159
\tikz@lastysaved=\dimen160
\tikzleveldistance=\dimen161
\tikzsiblingdistance=\dimen162
\tikz@figbox=\box33
\tikz@tempbox=\box34
\tikztreelevel=\count104
\tikznumberofchildren=\count105
\tikznumberofcurrentchild=\count106
\tikz@fig@count=\count107

(/usr/share/texlive/texmf-dist/tex/generic/pgf/modules/pgfmodulematrix.code.tex
File: pgfmodulematrix.code.tex 2010/08/24  (rcs-revision 1.4)
\pgfmatrixcurrentrow=\count108
\pgfmatrixcurrentcolumn=\count109
\pgf@matrix@numberofcolumns=\count110
)
\tikz@expandcount=\count111

(/usr/share/texlive/texmf-dist/tex/generic/pgf/frontendlayer/tikz/libraries/tik
zlibrarytopaths.code.tex
File: tikzlibrarytopaths.code.tex 2008/06/17 v2.10 (rcs-revision 1.2)
))) (./tikzlibrarytimeline.code.tex
(/usr/share/texlive/texmf-dist/tex/generic/pgf/frontendlayer/tikz/libraries/tik
zlibrarybackgrounds.code.tex
File: tikzlibrarybackgrounds.code.tex 2010/02/08 v2.10 (rcs-revision 1.2)
\pgf@layerbox@background=\box35
\pgf@layerboxsaved@background=\box36
)
(/usr/share/texlive/texmf-dist/tex/generic/pgf/frontendlayer/tikz/libraries/tik
zlibrarycalc.code.tex
File: tikzlibrarycalc.code.tex 2009/09/04 v2.10 (rcs-revision 1.6)
)
\c@involv=\count112
)
(/usr/share/texlive/texmf-local/texmf-compat/tex/latex/latex2html/url.sty
Package: url 1999/03/02  ver 1.4  Verb mode for urls, email addresses, and file
 names
)
(/usr/share/texlive/texmf-dist/tex/latex/amsmath/amsmath.sty
Package: amsmath 2013/01/14 v2.14 AMS math features
\@mathmargin=\skip43

For additional information on amsmath, use the `?' option.
(/usr/share/texlive/texmf-dist/tex/latex/amsmath/amstext.sty
Package: amstext 2000/06/29 v2.01

(/usr/share/texlive/texmf-dist/tex/latex/amsmath/amsgen.sty
File: amsgen.sty 1999/11/30 v2.0
\@emptytoks=\toks25
\ex@=\dimen163
))
(/usr/share/texlive/texmf-dist/tex/latex/amsmath/amsbsy.sty
Package: amsbsy 1999/11/29 v1.2d
\pmbraise@=\dimen164
)
(/usr/share/texlive/texmf-dist/tex/latex/amsmath/amsopn.sty
Package: amsopn 1999/12/14 v2.01 operator names
)
\inf@bad=\count113
LaTeX Info: Redefining \frac on input line 210.
\uproot@=\count114
\leftroot@=\count115
LaTeX Info: Redefining \overline on input line 306.
\classnum@=\count116
\DOTSCASE@=\count117
LaTeX Info: Redefining \ldots on input line 378.
LaTeX Info: Redefining \dots on input line 381.
LaTeX Info: Redefining \cdots on input line 466.
\Mathstrutbox@=\box37
\strutbox@=\box38
\big@size=\dimen165
LaTeX Font Info:    Redeclaring font encoding OML on input line 566.
LaTeX Font Info:    Redeclaring font encoding OMS on input line 567.
\macc@depth=\count118
\c@MaxMatrixCols=\count119
\dotsspace@=\muskip10
\c@parentequation=\count120
\dspbrk@lvl=\count121
\tag@help=\toks26
\row@=\count122
\column@=\count123
\maxfields@=\count124
\andhelp@=\toks27
\eqnshift@=\dimen166
\alignsep@=\dimen167
\tagshift@=\dimen168
\tagwidth@=\dimen169
\totwidth@=\dimen170
\lineht@=\dimen171
\@envbody=\toks28
\multlinegap=\skip44
\multlinetaggap=\skip45
\mathdisplay@stack=\toks29
LaTeX Info: Redefining \[ on input line 2665.
LaTeX Info: Redefining \] on input line 2666.
)
(/usr/share/texlive/texmf-dist/tex/latex/caption/subcaption.sty
Package: subcaption 2013/02/03 v1.1-62 Sub-captions (AR)
\c@subfigure=\count125
\c@subtable=\count126
)
(/usr/share/texlive/texmf-dist/tex/latex/was/gensymb.sty
Package: gensymb 2003/07/02 v1.0 (WaS)
) (./floatrow.sty
Package: floatrow 2008/08/02 v0.3b floatrow: float package extension
\c@float@type=\count127
\float@exts=\toks30
\float@box=\box39
\@floatcapt=\box40
Package floatrow Info: Modified float package code loaded on input line 455.
Package floatrow Info: Modified rotfloat package code loaded on input line 473.

\FR@everyfloat=\toks31
\flrow@foot=\insert233
\FB@wd=\dimen172
\FBo@wd=\dimen173
\FBc@wd=\dimen174
\FBo@ht=\skip46
\FBc@ht=\skip47
\FBf@ht=\skip48
\FBo@max=\skip49
\FBc@max=\skip50
\FBf@max=\skip51
\c@FBl@b=\count128
\floatbox@depth=\count129
\c@FRobj=\count130
\c@FRsobj=\count131
\Xhsize=\skip52
\sXhsize=\skip53
\Zhsize=\skip54
\sZhsize=\skip55
\flrow@rowbox=\box41
\FR@Zunitlength=\dimen175
\c@FBcnt=\count132
\FPOScnt=\count133
\LTleft=\skip56
\LTright=\skip57
\LTleft=\skip58
\LTright=\skip59
\flrow@types=\toks32
))
(./skeleton.aux

LaTeX Warning: Label `addh' multiply defined.


LaTeX Warning: Label `addm' multiply defined.

)
\openout1 = `skeleton.aux'.

LaTeX Font Info:    Checking defaults for OML/cmm/m/it on input line 2.
LaTeX Font Info:    ... okay on input line 2.
LaTeX Font Info:    Checking defaults for T1/cmr/m/n on input line 2.
LaTeX Font Info:    ... okay on input line 2.
LaTeX Font Info:    Checking defaults for OT1/cmr/m/n on input line 2.
LaTeX Font Info:    ... okay on input line 2.
LaTeX Font Info:    Checking defaults for OMS/cmsy/m/n on input line 2.
LaTeX Font Info:    ... okay on input line 2.
LaTeX Font Info:    Checking defaults for OMX/cmex/m/n on input line 2.
LaTeX Font Info:    ... okay on input line 2.
LaTeX Font Info:    Checking defaults for U/cmr/m/n on input line 2.
LaTeX Font Info:    ... okay on input line 2.

*geometry* driver: auto-detecting
*geometry* detected driver: pdftex
*geometry* verbose mode - [ preamble ] result:
* driver: pdftex
* paper: a4paper
* layout: <same size as paper>
* layoutoffset:(h,v)=(0.0pt,0.0pt)
* modes: twoside 
* h-part:(L,W,R)=(113.81102pt, 412.56497pt, 71.13188pt)
* v-part:(T,H,B)=(56.9055pt, 674.33032pt, 113.81102pt)
* \paperwidth=597.50787pt
* \paperheight=845.04684pt
* \textwidth=412.56497pt
* \textheight=674.33032pt
* \oddsidemargin=41.54103pt
* \evensidemargin=-1.1381pt
* \topmargin=-52.36449pt
* \headheight=12.0pt
* \headsep=25.0pt
* \topskip=12.0pt
* \footskip=30.0pt
* \marginparwidth=85.0pt
* \marginparsep=10.0pt
* \columnsep=10.0pt
* \skip\footins=10.8pt plus 4.0pt minus 2.0pt
* \hoffset=0.0pt
* \voffset=0.0pt
* \mag=1000
* \@twocolumnfalse
* \@twosidetrue
* \@mparswitchtrue
* \@reversemarginfalse
* (1in=72.27pt=25.4mm, 1cm=28.453pt)

(/usr/share/texlive/texmf-dist/tex/context/base/supp-pdf.mkii
[Loading MPS to PDF converter (version 2006.09.02).]
\scratchcounter=\count134
\scratchdimen=\dimen176
\scratchbox=\box42
\nofMPsegments=\count135
\nofMParguments=\count136
\everyMPshowfont=\toks33
\MPscratchCnt=\count137
\MPscratchDim=\dimen177
\MPnumerator=\count138
\makeMPintoPDFobject=\count139
\everyMPtoPDFconversion=\toks34
) (/usr/share/texlive/texmf-dist/tex/generic/oberdiek/pdftexcmds.sty
Package: pdftexcmds 2011/11/29 v0.20 Utility functions of pdfTeX for LuaTeX (HO
)

(/usr/share/texlive/texmf-dist/tex/generic/oberdiek/ifluatex.sty
Package: ifluatex 2010/03/01 v1.3 Provides the ifluatex switch (HO)
Package ifluatex Info: LuaTeX not detected.
)
Package pdftexcmds Info: LuaTeX not detected.
Package pdftexcmds Info: \pdf@primitive is available.
Package pdftexcmds Info: \pdf@ifprimitive is available.
Package pdftexcmds Info: \pdfdraftmode found.
)
(/usr/share/texlive/texmf-dist/tex/latex/oberdiek/epstopdf-base.sty
Package: epstopdf-base 2010/02/09 v2.5 Base part for package epstopdf

(/usr/share/texlive/texmf-dist/tex/latex/oberdiek/grfext.sty
Package: grfext 2010/08/19 v1.1 Manage graphics extensions (HO)

(/usr/share/texlive/texmf-dist/tex/generic/oberdiek/kvdefinekeys.sty
Package: kvdefinekeys 2011/04/07 v1.3 Define keys (HO)
))
(/usr/share/texlive/texmf-dist/tex/latex/oberdiek/kvoptions.sty
Package: kvoptions 2011/06/30 v3.11 Key value format for package options (HO)

(/usr/share/texlive/texmf-dist/tex/generic/oberdiek/kvsetkeys.sty
Package: kvsetkeys 2012/04/25 v1.16 Key value parser (HO)

(/usr/share/texlive/texmf-dist/tex/generic/oberdiek/etexcmds.sty
Package: etexcmds 2011/02/16 v1.5 Avoid name clashes with e-TeX commands (HO)
Package etexcmds Info: Could not find \expanded.
(etexcmds)             That can mean that you are not using pdfTeX 1.50 or
(etexcmds)             that some package has redefined \expanded.
(etexcmds)             In the latter case, load this package earlier.
)))
Package grfext Info: Graphics extension search list:
(grfext)             [.png,.pdf,.jpg,.mps,.jpeg,.jbig2,.jb2,.PNG,.PDF,.JPG,.JPE
G,.JBIG2,.JB2,.eps]
(grfext)             \AppendGraphicsExtensions on input line 452.

(/usr/share/texlive/texmf-dist/tex/latex/latexconfig/epstopdf-sys.cfg
File: epstopdf-sys.cfg 2010/07/13 v1.3 Configuration of (r)epstopdf for TeX Liv
e
))
Package caption Info: Begin \AtBeginDocument code.
Package caption Info: float package is loaded.
Package caption Info: floatrow package is loaded.
Package caption Info: End \AtBeginDocument code.

ABD: EveryShipout initializing macros
LaTeX Info: Redefining \celsius on input line 2.
Package gensymb Info: Faking symbols for \degree and \celsius on input line 2.


Package gensymb Warning: Not defining \perthousand.

LaTeX Info: Redefining \ohm on input line 2.
Package gensymb Info: Using \Omega for \ohm on input line 2.

Package gensymb Warning: Not defining \micro.

<styles/logos/eushield-normal.pdf, id=4, 369.38pt x 373.395pt>
File: styles/logos/eushield-normal.pdf Graphic file (type pdf)

<use styles/logos/eushield-normal.pdf>
Package pdftex.def Info: styles/logos/eushield-normal.pdf used on input line 53
.
(pdftex.def)             Requested size: 369.37909pt x 373.39409pt.
 [1

{/usr/share/texlive/texmf/fonts/map/pdftex/updmap/pdftex.map} <./styles/logos/e
ushield-normal.pdf>] [2

]
Underfull \vbox (badness 1721) has occurred while \output is active []

 [3]
[4] [5] [6

] (./skeleton.toc [7])
\tf@toc=\write4
\openout4 = `skeleton.toc'.

 [8]
Chapter 1.
<Pictures/Introduction/gestaltgrouping.jpg, id=37, 451.6875pt x 252.945pt>
File: Pictures/Introduction/gestaltgrouping.jpg Graphic file (type jpg)

<use Pictures/Introduction/gestaltgrouping.jpg>
Package pdftex.def Info: Pictures/Introduction/gestaltgrouping.jpg used on inpu
t line 67.
(pdftex.def)             Requested size: 330.05322pt x 184.8413pt.
 [9

 <./Pictures/Introduction/gestaltgrouping.jpg>]
<Pictures/Introduction/associationfield.jpg, id=41, 232.85394pt x 153.50148pt>
File: Pictures/Introduction/associationfield.jpg Graphic file (type jpg)

<use Pictures/Introduction/associationfield.jpg>
Package pdftex.def Info: Pictures/Introduction/associationfield.jpg used on inp
ut line 74.
(pdftex.def)             Requested size: 330.05322pt x 217.58481pt.
 [10 <./Pictures/Introduction/associationfield.jpg>]
<Pictures/elasticap/el1.png, id=45, 317.185pt x 317.185pt>
File: Pictures/elasticap/el1.png Graphic file (type png)

<use Pictures/elasticap/el1.png>
Package pdftex.def Info: Pictures/elasticap/el1.png used on input line 79.
(pdftex.def)             Requested size: 123.77074pt x 123.7694pt.

<Pictures/elasticap/el2.png, id=47, 317.185pt x 317.185pt>
File: Pictures/elasticap/el2.png Graphic file (type png)

<use Pictures/elasticap/el2.png>
Package pdftex.def Info: Pictures/elasticap/el2.png used on input line 79.
(pdftex.def)             Requested size: 123.77074pt x 123.7694pt.

<Pictures/elasticap/el3.png, id=48, 317.185pt x 317.185pt>
File: Pictures/elasticap/el3.png Graphic file (type png)

<use Pictures/elasticap/el3.png>
Package pdftex.def Info: Pictures/elasticap/el3.png used on input line 79.
(pdftex.def)             Requested size: 123.77074pt x 123.7694pt.

<Pictures/elasticap/el4.png, id=49, 317.185pt x 317.185pt>
File: Pictures/elasticap/el4.png Graphic file (type png)

<use Pictures/elasticap/el4.png>
Package pdftex.def Info: Pictures/elasticap/el4.png used on input line 79.
(pdftex.def)             Requested size: 123.77074pt x 123.7694pt.

<Pictures/elasticap/el5.png, id=50, 317.185pt x 317.185pt>
File: Pictures/elasticap/el5.png Graphic file (type png)

<use Pictures/elasticap/el5.png>
Package pdftex.def Info: Pictures/elasticap/el5.png used on input line 79.
(pdftex.def)             Requested size: 123.77074pt x 123.7694pt.

<Pictures/elasticap/el6.png, id=51, 317.185pt x 317.185pt>
File: Pictures/elasticap/el6.png Graphic file (type png)

<use Pictures/elasticap/el6.png>
Package pdftex.def Info: Pictures/elasticap/el6.png used on input line 79.
(pdftex.def)             Requested size: 123.77074pt x 123.7694pt.
 [11 <./Pictures/elasticap/el1.png> <./Pictures/elasticap/el2.png> <./Pictures/
elasticap/el3.png> <./Pictures/elasticap/el4.png> <./Pictures/elasticap/el5.png
> <./Pictures/elasticap/el6.png>]
LaTeX Font Info:    Try loading font information for OMS+cmr on input line 95.

(/usr/share/texlive/texmf-dist/tex/latex/base/omscmr.fd
File: omscmr.fd 1999/05/25 v2.5h Standard LaTeX font definitions
)
LaTeX Font Info:    Font shape `OMS/cmr/m/n' in size <12> not available
(Font)              Font shape `OMS/cmsy/m/n' tried instead on input line 95.
 [12] [13] [14

]
Chapter 2.
<Pictures/illusions/illusion1.png, id=74, 2025.5675pt x 1003.75pt>
File: Pictures/illusions/illusion1.png Graphic file (type png)

<use Pictures/illusions/illusion1.png>
Package pdftex.def Info: Pictures/illusions/illusion1.png used on input line 11
7.
(pdftex.def)             Requested size: 330.05322pt x 163.54395pt.

<Pictures/illusions/illusion2.png, id=75, 1008.76875pt x 1003.75pt>
File: Pictures/illusions/illusion2.png Graphic file (type png)

<use Pictures/illusions/illusion2.png>
Package pdftex.def Info: Pictures/illusions/illusion2.png used on input line 11
8.
(pdftex.def)             Requested size: 206.28249pt x 205.24934pt.

Underfull \vbox (badness 10000) has occurred while \output is active []

 [15]
<Pictures/illusions/popout.png, id=79, 215.80624pt x 215.80624pt>
File: Pictures/illusions/popout.png Graphic file (type png)

<use Pictures/illusions/popout.png>
Package pdftex.def Info: Pictures/illusions/popout.png used on input line 119.
(pdftex.def)             Requested size: 123.77074pt x 123.7682pt.
 [16 <./Pictures/illusions/illusion1.png> <./Pictures/illusions/illusion2.png> 
<./Pictures/illusions/popout.png>]
Chapter 3.
<Pictures/background/visual_fields.png, id=86, 1489.565pt x 1039.885pt>
File: Pictures/background/visual_fields.png Graphic file (type png)

<use Pictures/background/visual_fields.png>
Package pdftex.def Info: Pictures/background/visual_fields.png used on input li
ne 131.
(pdftex.def)             Requested size: 206.28249pt x 143.99617pt.

Underfull \vbox (badness 4429) has occurred while \output is active []

 [17

]
<Pictures/background/RetinotopicMapping.png, id=90, 439.6425pt x 525.46312pt>
File: Pictures/background/RetinotopicMapping.png Graphic file (type png)

<use Pictures/background/RetinotopicMapping.png>
Package pdftex.def Info: Pictures/background/RetinotopicMapping.png used on inp
ut line 142.
(pdftex.def)             Requested size: 330.05322pt x 394.48924pt.

Underfull \vbox (badness 10000) has occurred while \output is active []

 [18 <./Pictures/background/visual_fields.png>] [19 <./Pictures/background/Reti
notopicMapping.png>] <Pictures/background/F4large.jpg, id=99, 1716.4125pt x 180
6.75pt>
File: Pictures/background/F4large.jpg Graphic file (type jpg)

<use Pictures/background/F4large.jpg>
Package pdftex.def Info: Pictures/background/F4large.jpg used on input line 152
.
(pdftex.def)             Requested size: 206.28249pt x 217.13147pt.
 [20 <./Pictures/background/F4large.jpg>]
<Pictures/background/HubelWiesel.jpg, id=103, 722.7pt x 542.025pt>
File: Pictures/background/HubelWiesel.jpg Graphic file (type jpg)

<use Pictures/background/HubelWiesel.jpg>
Package pdftex.def Info: Pictures/background/HubelWiesel.jpg used on input line
 158.
(pdftex.def)             Requested size: 330.05322pt x 247.5398pt.

<populationCoding.png, id=104, 626.34pt x 606.265pt>
File: populationCoding.png Graphic file (type png)

<use populationCoding.png>
Package pdftex.def Info: populationCoding.png used on input line 165.
(pdftex.def)             Requested size: 330.05322pt x 319.48724pt.

Underfull \vbox (badness 1845) has occurred while \output is active []

 [21 <./Pictures/background/HubelWiesel.jpg>] [22 <./populationCoding.png>] [23
] [24

]
Chapter 4.
<Pictures/models/input_random.png, id=118, 1027.84pt x 1027.84pt>
File: Pictures/models/input_random.png Graphic file (type png)

<use Pictures/models/input_random.png>
Package pdftex.def Info: Pictures/models/input_random.png used on input line 18
5.
(pdftex.def)             Requested size: 165.02661pt x 165.02237pt.

<Pictures/models/input_structure.png, id=119, 1027.84pt x 1027.84pt>
File: Pictures/models/input_structure.png Graphic file (type png)

<use Pictures/models/input_structure.png>
Package pdftex.def Info: Pictures/models/input_structure.png used on input line
 185.
(pdftex.def)             Requested size: 165.02661pt x 165.02237pt.

Underfull \vbox (badness 10000) has occurred while \output is active []

 [25]
<Pictures/models/stacked_neurons3.png, id=124, 327.2225pt x 362.35374pt>
File: Pictures/models/stacked_neurons3.png Graphic file (type png)

<use Pictures/models/stacked_neurons3.png>
Package pdftex.def Info: Pictures/models/stacked_neurons3.png used on input lin
e 195.
(pdftex.def)             Requested size: 165.02661pt x 182.74115pt.

<Pictures/models/stacked_neurons2.png, id=125, 1047.915pt x 1174.3875pt>
File: Pictures/models/stacked_neurons2.png Graphic file (type png)

<use Pictures/models/stacked_neurons2.png>
Package pdftex.def Info: Pictures/models/stacked_neurons2.png used on input lin
e 195.
(pdftex.def)             Requested size: 165.02661pt x 184.93117pt.

Underfull \vbox (badness 10000) has occurred while \output is active []

 [26 <./Pictures/models/input_random.png> <./Pictures/models/input_structure.pn
g>]
<Pictures/models/stacked_neurons.png, id=131, 169.63374pt x 347.2975pt>
File: Pictures/models/stacked_neurons.png Graphic file (type png)

<use Pictures/models/stacked_neurons.png>
Package pdftex.def Info: Pictures/models/stacked_neurons.png used on input line
 197.
(pdftex.def)             Requested size: 61.88536pt x 126.69629pt.

<Pictures/models/neuron2.png, id=132, 250.9375pt x 250.9375pt>
File: Pictures/models/neuron2.png Graphic file (type png)

<use Pictures/models/neuron2.png>
Package pdftex.def Info: Pictures/models/neuron2.png used on input line 197.
(pdftex.def)             Requested size: 61.88536pt x 61.88417pt.
 [27 <./Pictures/models/stacked_neurons3.png> <./Pictures/models/stacked_neuron
s2.png> <./Pictures/models/stacked_neurons.png> <./Pictures/models/neuron2.png>
]

LaTeX Warning: Reference `neuron5' on page 28 undefined on input line 210.

[28] <Pictures/models/neuron1.png, id=145, 756.8275pt x 754.82pt>
File: Pictures/models/neuron1.png Graphic file (type png)

<use Pictures/models/neuron1.png>
Package pdftex.def Info: Pictures/models/neuron1.png used on input line 248.
(pdftex.def)             Requested size: 288.79422pt x 288.03241pt.

Underfull \vbox (badness 7522) has occurred while \output is active []

 [29]
[30 <./Pictures/models/neuron1.png>]
<Pictures/models/weight1.jpg, id=154, 4015.0pt x 3011.25pt>
File: Pictures/models/weight1.jpg Graphic file (type jpg)

<use Pictures/models/weight1.jpg>
Package pdftex.def Info: Pictures/models/weight1.jpg used on input line 278.
(pdftex.def)             Requested size: 136.14719pt x 102.09627pt.

<Pictures/models/weight2.jpg, id=155, 4015.0pt x 3011.25pt>
File: Pictures/models/weight2.jpg Graphic file (type jpg)

<use Pictures/models/weight2.jpg>
Package pdftex.def Info: Pictures/models/weight2.jpg used on input line 278.
(pdftex.def)             Requested size: 136.14719pt x 102.09627pt.

<Pictures/models/weight3.jpg, id=156, 4015.0pt x 3011.25pt>
File: Pictures/models/weight3.jpg Graphic file (type jpg)

<use Pictures/models/weight3.jpg>
Package pdftex.def Info: Pictures/models/weight3.jpg used on input line 278.
(pdftex.def)             Requested size: 136.14719pt x 102.09627pt.
 [31 <./Pictures/models/weight1.jpg> <./Pictures/models/weight2.jpg> <./Picture
s/models/weight3.jpg>] [32]
Chapter 5.
[33

]
Underfull \vbox (badness 10000) has occurred while \output is active []

 [34]
[35] [36]
Chapter 6.
<Pictures/experiments/fig7/random_r.png, id=176, 215.80624pt x 215.80624pt>
File: Pictures/experiments/fig7/random_r.png Graphic file (type png)

<use Pictures/experiments/fig7/random_r.png>
Package pdftex.def Info: Pictures/experiments/fig7/random_r.png used on input l
ine 355.
(pdftex.def)             Requested size: 165.02661pt x 165.03195pt.

<Pictures/experiments/fig7/random_r_torus.png, id=177, 215.80624pt x 215.80624p
t>
File: Pictures/experiments/fig7/random_r_torus.png Graphic file (type png)
 <use Pictures/experiments/fig7/random_r_torus.png>
Package pdftex.def Info: Pictures/experiments/fig7/random_r_torus.png used on i
nput line 355.
(pdftex.def)             Requested size: 165.02661pt x 165.03195pt.

Underfull \vbox (badness 10000) has occurred while \output is active []

 [37

]
<Pictures/experiments/basics/simpleMises.png, id=182, 400.3758pt x 286.1892pt>
File: Pictures/experiments/basics/simpleMises.png Graphic file (type png)

<use Pictures/experiments/basics/simpleMises.png>
Package pdftex.def Info: Pictures/experiments/basics/simpleMises.png used on in
put line 362.
(pdftex.def)             Requested size: 206.28249pt x 147.4524pt.
Missing character: There is no Â in font cmr12!
Missing character: There is no ° in font cmr12!
Missing character: There is no Â in font cmr12!
Missing character: There is no ° in font cmr12!
 [38 <./Pictures/experiments/fig7/random_r.png> <./Pictures/experiments/fig7/ra
ndom_r_torus.png> <./Pictures/experiments/basics/simpleMises.png>]
<Pictures/experiments/basics/misesNumberNeurons.png, id=189, 400.3758pt x 286.1
892pt>
File: Pictures/experiments/basics/misesNumberNeurons.png Graphic file (type png
)
 <use Pictures/experiments/basics/misesNumberNeurons.png>
Package pdftex.def Info: Pictures/experiments/basics/misesNumberNeurons.png use
d on input line 366.
(pdftex.def)             Requested size: 165.02661pt x 117.96278pt.

<Pictures/experiments/basics/misesNumberNeurons2.png, id=190, 400.3758pt x 286.
1892pt>
File: Pictures/experiments/basics/misesNumberNeurons2.png Graphic file (type pn
g)
 <use Pictures/experiments/basics/misesNumberNeurons2.png>
Package pdftex.def Info: Pictures/experiments/basics/misesNumberNeurons2.png us
ed on input line 366.
(pdftex.def)             Requested size: 165.02661pt x 117.96278pt.

<Pictures/experiments/basics/misesNumberA.png, id=191, 400.3758pt x 286.1892pt>
File: Pictures/experiments/basics/misesNumberA.png Graphic file (type png)
<use Pictures/experiments/basics/misesNumberA.png>
Package pdftex.def Info: Pictures/experiments/basics/misesNumberA.png used on i
nput line 372.
(pdftex.def)             Requested size: 165.02661pt x 117.96278pt.

<Pictures/experiments/basics/misesNumberB.png, id=192, 400.3758pt x 286.1892pt>
File: Pictures/experiments/basics/misesNumberB.png Graphic file (type png)
<use Pictures/experiments/basics/misesNumberB.png>
Package pdftex.def Info: Pictures/experiments/basics/misesNumberB.png used on i
nput line 372.
(pdftex.def)             Requested size: 165.02661pt x 117.96278pt.

Underfull \vbox (badness 10000) has occurred while \output is active []

 [39 <./Pictures/experiments/basics/misesNumberNeurons.png> <./Pictures/experim
ents/basics/misesNumberNeurons2.png>]
<Pictures/experiments/angles.png, id=198, 639.38875pt x 762.85pt>
File: Pictures/experiments/angles.png Graphic file (type png)

<use Pictures/experiments/angles.png>
Package pdftex.def Info: Pictures/experiments/angles.png used on input line 378
.
(pdftex.def)             Requested size: 123.77074pt x 147.6668pt.
 [40 <./Pictures/experiments/basics/misesNumberA.png> <./Pictures/experiments/b
asics/misesNumberB.png> <./Pictures/experiments/angles.png>] [41]
<Pictures/experiments/fig5/fig5_B2.png, id=208, 317.185pt x 317.185pt>
File: Pictures/experiments/fig5/fig5_B2.png Graphic file (type png)

<use Pictures/experiments/fig5/fig5_B2.png>
Package pdftex.def Info: Pictures/experiments/fig5/fig5_B2.png used on input li
ne 417.
(pdftex.def)             Requested size: 103.14124pt x 103.14197pt.

<Pictures/experiments/fig5/fig5_C2.png, id=209, 317.185pt x 317.185pt>
File: Pictures/experiments/fig5/fig5_C2.png Graphic file (type png)

<use Pictures/experiments/fig5/fig5_C2.png>
Package pdftex.def Info: Pictures/experiments/fig5/fig5_C2.png used on input li
ne 423.
(pdftex.def)             Requested size: 103.14124pt x 103.14197pt.

<Pictures/experiments/fig5/fig5_D2.png, id=210, 317.185pt x 317.185pt>
File: Pictures/experiments/fig5/fig5_D2.png Graphic file (type png)

<use Pictures/experiments/fig5/fig5_D2.png>
Package pdftex.def Info: Pictures/experiments/fig5/fig5_D2.png used on input li
ne 429.
(pdftex.def)             Requested size: 103.14124pt x 103.14197pt.

<Pictures/experiments/fig5/fig5_F2.png, id=211, 317.185pt x 317.185pt>
File: Pictures/experiments/fig5/fig5_F2.png Graphic file (type png)

<use Pictures/experiments/fig5/fig5_F2.png>
Package pdftex.def Info: Pictures/experiments/fig5/fig5_F2.png used on input li
ne 435.
(pdftex.def)             Requested size: 103.14124pt x 103.14197pt.
File: Pictures/experiments/fig5/fig5_B2.png Graphic file (type png)

<use Pictures/experiments/fig5/fig5_B2.png>
Package pdftex.def Info: Pictures/experiments/fig5/fig5_B2.png used on input li
ne 442.
(pdftex.def)             Requested size: 123.77074pt x 123.7694pt.

<Pictures/experiments/fig5/figB/matrix_b.png, id=212, 1294.71706pt x 946.0143pt
>
File: Pictures/experiments/fig5/figB/matrix_b.png Graphic file (type png)
 <use Pictures/experiments/fig5/figB/matrix_b.png>
Package pdftex.def Info: Pictures/experiments/fig5/figB/matrix_b.png used on in
put line 443.
(pdftex.def)             Requested size: 206.28249pt x 150.7158pt.

Underfull \vbox (badness 10000) has occurred while \output is active []

 [42 <./Pictures/experiments/fig5/fig5_B2.png> <./Pictures/experiments/fig5/fig
5_C2.png> <./Pictures/experiments/fig5/fig5_D2.png> <./Pictures/experiments/fig
5/fig5_F2.png>]
<Pictures/experiments/fig5/figB/p_cen_b.png, id=220, 406.1574pt x 278.60085pt>
File: Pictures/experiments/fig5/figB/p_cen_b.png Graphic file (type png)

<use Pictures/experiments/fig5/figB/p_cen_b.png>
Package pdftex.def Info: Pictures/experiments/fig5/figB/p_cen_b.png used on inp
ut line 445.
(pdftex.def)             Requested size: 136.14719pt x 93.38817pt.

<Pictures/experiments/fig5/figB/d_cen_b.png, id=221, 424.2249pt x 286.1892pt>
File: Pictures/experiments/fig5/figB/d_cen_b.png Graphic file (type png)

<use Pictures/experiments/fig5/figB/d_cen_b.png>
Package pdftex.def Info: Pictures/experiments/fig5/figB/d_cen_b.png used on inp
ut line 445.
(pdftex.def)             Requested size: 136.14719pt x 91.84442pt.

<Pictures/experiments/fig5/figB/d_flan_b.png, id=222, 406.1574pt x 278.60085pt>
File: Pictures/experiments/fig5/figB/d_flan_b.png Graphic file (type png)
<use Pictures/experiments/fig5/figB/d_flan_b.png>
Package pdftex.def Info: Pictures/experiments/fig5/figB/d_flan_b.png used on in
put line 445.
(pdftex.def)             Requested size: 136.14719pt x 93.38817pt.
File: Pictures/experiments/fig5/fig5_C2.png Graphic file (type png)

<use Pictures/experiments/fig5/fig5_C2.png>
Package pdftex.def Info: Pictures/experiments/fig5/fig5_C2.png used on input li
ne 447.
(pdftex.def)             Requested size: 123.77074pt x 123.7694pt.

<Pictures/experiments/fig5/figC/p_cen_c.png, id=223, 406.1574pt x 278.60085pt>
File: Pictures/experiments/fig